<?xml version="1.0" encoding="UTF-8"?>
<!-- Generated by org.testng.reporters.JUnitReportReporter -->
<testsuite hostname="mohammedbarhoum" failures="0" tests="1" name="parameters" time="0.240" errors="0" timestamp="2022-12-29T17:14:58 IST" skipped="0">
  <testcase classname="parameters" name="Check_The_Contact_Information" time="0.240"/>
  <system-out/>
</testsuite> <!-- parameters -->
